2015-04-30 05:50:55,458'INFO:Set logger---
2015-04-30 05:50:55,479'INFO:building_blocke : consolidated
2015-04-30 05:50:55,509'INFO:build_dep:alp=0
2015-04-30 05:50:55,509'INFO:building_blocks:getblock:got  0 as block_num
2015-04-30 05:50:55,509'INFO:binding_blocks:getblock: Returned data request for 0
2015-04-30 05:50:55,510'INFO:Returned:    LEA R0, DataSegment

2015-04-30 05:50:55,510'INFO:Returned:    ADD R1, R1, 12

2015-04-30 05:50:55,510'INFO:Returned:    NOP

2015-04-30 05:50:55,511'INFO:Returned:    NOP

2015-04-30 05:50:55,511'INFO:Returned:    NOP

2015-04-30 05:50:55,511'INFO:Returned:    ADD R1, R1, -5

2015-04-30 05:50:55,511'INFO:Returned:    NOP

2015-04-30 05:50:55,511'INFO:Returned:    NOP

2015-04-30 05:50:55,511'INFO:Returned:    NOP

2015-04-30 05:50:55,511'INFO:Returned:    ADD R1, R1, 0

2015-04-30 05:50:55,511'INFO:Returned:    NOP

2015-04-30 05:50:55,511'INFO:Returned:    NOP

2015-04-30 05:50:55,511'INFO:Returned:    NOP

2015-04-30 05:50:55,511'INFO:Returned:    STR R1, R0, aacus

2015-04-30 05:50:55,511'INFO:Returned:    AND R2, R0, 4x0F

2015-04-30 05:50:55,511'INFO:Returned:    NOP

2015-04-30 05:50:55,511'INFO:Returned:    NOP

2015-04-30 05:50:55,511'INFO:Returned:    NOP

2015-04-30 05:50:55,511'INFO:Returned:    STR R2, R0, joiner

2015-04-30 05:50:55,511'INFO:Returned:    NOP

2015-04-30 05:50:55,511'INFO:Returned:    NOP

2015-04-30 05:50:55,511'INFO:Returned:    NOP

2015-04-30 05:50:55,511'INFO:Returned:    LDR R3, R0, DEEB

2015-04-30 05:50:55,511'INFO:Returned:    NOP

2015-04-30 05:50:55,512'INFO:Returned:    NOP

2015-04-30 05:50:55,512'INFO:Returned:    NOP

2015-04-30 05:50:55,512'INFO:Returned:    LDR R4, R0, LEAF

2015-04-30 05:50:55,512'INFO:Returned:    NOP

2015-04-30 05:50:55,512'INFO:Returned:    NOP

2015-04-30 05:50:55,512'INFO:Returned:    NOP

2015-04-30 05:50:55,512'INFO:Returned:    LDR R5, R0, D22D

2015-04-30 05:50:55,512'INFO:Returned:    NOP

2015-04-30 05:50:55,512'INFO:Returned:    NOP

2015-04-30 05:50:55,512'INFO:Returned:    NOP

2015-04-30 05:50:55,512'INFO:Returned:    LDR R6, R0, LIFE

2015-04-30 05:50:55,512'INFO:Returned:    NOP

2015-04-30 05:50:55,512'INFO:Returned:    NOP

2015-04-30 05:50:55,512'INFO:Returned:    NOP

2015-04-30 05:50:55,512'INFO:Returned:    ADD R3, R3, R4

2015-04-30 05:50:55,512'INFO:Returned:    NOP

2015-04-30 05:50:55,512'INFO:Returned:    NOP

2015-04-30 05:50:55,512'INFO:Returned:    NOP

2015-04-30 05:50:55,512'INFO:Returned:    ADD R3, R3, R3

2015-04-30 05:50:55,512'INFO:Returned:    NOP

2015-04-30 05:50:55,512'INFO:Returned:    NOP

2015-04-30 05:50:55,513'INFO:Returned:    NOP

2015-04-30 05:50:55,513'INFO:Returned:    STR R3, R0, calcx

2015-04-30 05:50:55,513'INFO:Returned:    AND R4, R5, R3

2015-04-30 05:50:55,513'INFO:Returned:    NOP

2015-04-30 05:50:55,513'INFO:Returned:    NOP

2015-04-30 05:50:55,513'INFO:Returned:    NOP

2015-04-30 05:50:55,513'INFO:Returned:    STR R4, R0, joiner

2015-04-30 05:50:55,513'INFO:Returned:    NOT R5, R5

2015-04-30 05:50:55,513'INFO:Returned:    NOP

2015-04-30 05:50:55,513'INFO:Returned:    NOP

2015-04-30 05:50:55,513'INFO:Returned:    NOP

2015-04-30 05:50:55,513'INFO:Returned:    STR R5, R0, duh

2015-04-30 05:50:55,513'INFO:Returned:    LDR R6, R0, FOED

2015-04-30 05:50:55,513'INFO:Returned:    NOP

2015-04-30 05:50:55,513'INFO:Returned:    NOP

2015-04-30 05:50:55,513'INFO:Returned:    NOP

2015-04-30 05:50:55,513'INFO:Returned:    LDR R7, R0, FOED

2015-04-30 05:50:55,513'INFO:Returned:    NOP

2015-04-30 05:50:55,513'INFO:Returned:    NOP

2015-04-30 05:50:55,513'INFO:Returned:    NOP

2015-04-30 05:50:55,514'INFO:Returned:    LSHF R6, R6, 8

2015-04-30 05:50:55,514'INFO:Returned:    NOP

2015-04-30 05:50:55,514'INFO:Returned:    NOP

2015-04-30 05:50:55,514'INFO:Returned:    NOP

2015-04-30 05:50:55,514'INFO:Returned:    RSHFL R7, R7, 3

2015-04-30 05:50:55,514'INFO:Returned:    NOP

2015-04-30 05:50:55,514'INFO:Returned:    NOP

2015-04-30 05:50:55,514'INFO:Returned:    NOP

2015-04-30 05:50:55,514'INFO:Returned:    RSHFA R6, R6, 6

2015-04-30 05:50:55,514'INFO:Returned:    NOP

2015-04-30 05:50:55,514'INFO:Returned:    NOP

2015-04-30 05:50:55,514'INFO:Returned:    NOP

2015-04-30 05:50:55,514'INFO:Returned:    STR R6, R0, fivespd

2015-04-30 05:50:55,514'INFO:Returned:    NOP

2015-04-30 05:50:55,514'INFO:Returned:    NOP

2015-04-30 05:50:55,514'INFO:Returned:    NOP

2015-04-30 05:50:55,514'INFO:Returned:    STR R7, R0, fivespd

2015-04-30 05:50:55,514'INFO:Returned:    NOP

2015-04-30 05:50:55,514'INFO:Returned:    NOP

2015-04-30 05:50:55,514'INFO:Returned:    NOP

2015-04-30 05:50:55,514'INFO:Returned:    LDR R1, R0, ZERO

2015-04-30 05:50:55,515'INFO:Returned:    LDR R2, R0, ZERO

2015-04-30 05:50:55,515'INFO:Returned:    LDR R3, R0, D22D

2015-04-30 05:50:55,515'INFO:Returned:    LDR R4, R0, LIFE

2015-04-30 05:50:55,515'INFO:Returned:    LDR R5, R0, FOED

2015-04-30 05:50:55,515'INFO:Returned:    LDR R6, R0, DEEB

2015-04-30 05:50:55,515'INFO:Returned:    LDR R7, R0, LEAF

2015-04-30 05:50:55,515'INFO:analyzing block 0
2015-04-30 05:50:55,515'INFO:	No optimizations possible in block 0
2015-04-30 05:50:55,515'INFO:build_dep:alp=1
2015-04-30 05:50:55,515'INFO:building_blocks:getblock:got  1 as block_num
2015-04-30 05:50:55,515'INFO:binding_blocks:getblock: Returned data request for 1
2015-04-30 05:50:55,515'INFO:analyzing block 1
2015-04-30 05:50:55,515'INFO:build_dep:alp=2
2015-04-30 05:50:55,515'INFO:building_blocks:getblock:got  2 as block_num
2015-04-30 05:50:55,515'INFO:binding_blocks:getblock: Returned data request for 2
2015-04-30 05:50:55,516'INFO:analyzing block 2
2015-04-30 05:50:55,516'INFO:build_dep:alp=3
2015-04-30 05:50:55,516'INFO:building_blocks:getblock:got  3 as block_num
2015-04-30 05:50:55,516'INFO:binding_blocks:getblock: Returned data request for 3
2015-04-30 05:50:55,516'INFO:analyzing block 3
2015-04-30 05:50:55,517'INFO:build_dep:alp=4
2015-04-30 05:50:55,517'INFO:building_blocks:getblock:got  4 as block_num
2015-04-30 05:50:55,517'INFO:binding_blocks:getblock: Returned data request for 4
2015-04-30 05:50:55,517'INFO:analyzing block 4
2015-04-30 05:50:55,517'INFO:build_dep:alp=5
2015-04-30 05:50:55,517'INFO:building_blocks:getblock:got  5 as block_num
2015-04-30 05:50:55,517'INFO:binding_blocks:getblock: Returned data request for 5
2015-04-30 05:50:55,517'INFO:analyzing block 5
2015-04-30 05:50:55,517'INFO:build_dep:alp=6
2015-04-30 05:50:55,517'INFO:building_blocks:getblock:got  6 as block_num
2015-04-30 05:50:55,517'INFO:binding_blocks:getblock: Returned data request for 6
2015-04-30 05:50:55,517'INFO:analyzing block 6
2015-04-30 05:50:55,517'INFO:build_dep:alp=7
2015-04-30 05:50:55,517'INFO:building_blocks:getblock:got  7 as block_num
2015-04-30 05:50:55,517'INFO:binding_blocks:getblock: Returned data request for 7
2015-04-30 05:50:55,517'INFO:analyzing block 7
2015-04-30 05:50:55,518'INFO:build_dep:alp=8
2015-04-30 05:50:55,518'INFO:building_blocks:getblock:got  8 as block_num
2015-04-30 05:50:55,518'INFO:binding_blocks:getblock: Returned data request for 8
2015-04-30 05:50:55,518'INFO:analyzing block 8
2015-04-30 05:50:55,518'INFO:build_dep:alp=9
2015-04-30 05:50:55,518'INFO:building_blocks:getblock:got  9 as block_num
2015-04-30 05:50:55,518'INFO:binding_blocks:getblock: Returned data request for 9
2015-04-30 05:50:55,518'INFO:analyzing block 9
2015-04-30 05:50:55,518'INFO:graphit:Entered , received params[[26, 75]]
2015-04-30 05:50:55,518'INFO:graphit:Corrected size
2015-04-30 05:50:55,518'INFO:graphit:    LDR R3, R0, nosedive

    ADD R4, R3, 11

2015-04-30 05:50:55,519'INFO:graphit:     LDR R3, R0, tailspin

2015-04-30 05:50:55,519'INFO:graphit:     rshfl R4, R4, 1

2015-04-30 05:50:55,519'INFO:graphit:     ADD R5, R3, 7

2015-04-30 05:50:55,519'INFO:graphit:     LDI R1, R0, compass

2015-04-30 05:50:55,519'DEBUG:graphit:FOUND CANDIDATE     LDI R1, R0, compass

2015-04-30 05:50:55,519'INFO:binding_blocks:overwriteblock: Overwrote block9
2015-04-30 05:50:55,519'INFO:build_dep:alp=10
2015-04-30 05:50:55,519'INFO:building_blocks:getblock:got  10 as block_num
2015-04-30 05:50:55,519'INFO:binding_blocks:getblock: Returned data request for 10
2015-04-30 05:50:55,519'INFO:analyzing block 10
2015-04-30 05:50:55,519'INFO:build_dep:alp=11
2015-04-30 05:50:55,519'INFO:building_blocks:getblock:got  11 as block_num
2015-04-30 05:50:55,519'INFO:binding_blocks:getblock: Returned data request for 11
2015-04-30 05:50:55,520'INFO:analyzing block 11
2015-04-30 05:50:55,520'INFO:build_dep:alp=12
2015-04-30 05:50:55,520'INFO:building_blocks:getblock:got  12 as block_num
2015-04-30 05:50:55,520'INFO:binding_blocks:getblock: Returned data request for 12
2015-04-30 05:50:55,520'INFO:analyzing block 12
2015-04-30 05:50:55,520'INFO:build_dep:alp=13
2015-04-30 05:50:55,520'INFO:building_blocks:getblock:got  13 as block_num
2015-04-30 05:50:55,520'INFO:binding_blocks:getblock: Returned data request for 13
2015-04-30 05:50:55,520'INFO:analyzing block 13
2015-04-30 05:50:55,520'INFO:build_dep:alp=14
2015-04-30 05:50:55,520'INFO:building_blocks:getblock:got  14 as block_num
2015-04-30 05:50:55,520'INFO:binding_blocks:getblock: Returned data request for 14
2015-04-30 05:50:55,520'INFO:analyzing block 14
2015-04-30 05:50:55,520'INFO:build_dep:alp=15
2015-04-30 05:50:55,520'INFO:building_blocks:getblock:got  15 as block_num
2015-04-30 05:50:55,520'INFO:binding_blocks:getblock: Returned data request for 15
2015-04-30 05:50:55,520'INFO:analyzing block 15
2015-04-30 05:50:55,521'INFO:build_dep:alp=16
2015-04-30 05:50:55,521'INFO:building_blocks:getblock:got  16 as block_num
2015-04-30 05:50:55,521'INFO:binding_blocks:getblock: Returned data request for 16
2015-04-30 05:50:55,521'INFO:analyzing block 16
2015-04-30 05:50:55,521'INFO:build_dep:alp=17
2015-04-30 05:50:55,521'INFO:building_blocks:getblock:got  17 as block_num
2015-04-30 05:50:55,521'INFO:binding_blocks:getblock: Returned data request for 17
2015-04-30 05:50:55,521'INFO:analyzing block 17
2015-04-30 05:50:55,521'INFO:build_dep:alp=18
2015-04-30 05:50:55,521'INFO:building_blocks:getblock:got  18 as block_num
2015-04-30 05:50:55,521'INFO:binding_blocks:getblock: Returned data request for 18
2015-04-30 05:50:55,521'INFO:analyzing block 18
2015-04-30 05:50:55,521'INFO:build_dep:alp=19
2015-04-30 05:50:55,521'INFO:building_blocks:getblock:got  19 as block_num
2015-04-30 05:50:55,521'INFO:binding_blocks:getblock: Returned data request for 19
2015-04-30 05:50:55,522'INFO:analyzing block 19
2015-04-30 05:50:55,522'INFO:build_dep:alp=20
2015-04-30 05:50:55,522'INFO:building_blocks:getblock:got  20 as block_num
2015-04-30 05:50:55,522'INFO:binding_blocks:getblock: Returned data request for 20
2015-04-30 05:50:55,522'INFO:analyzing block 20
2015-04-30 05:50:55,522'INFO:	No optimizations possible in block 20
2015-04-30 05:50:55,522'INFO:build_dep:alp=21
2015-04-30 05:50:55,522'INFO:building_blocks:getblock:got  21 as block_num
2015-04-30 05:50:55,522'INFO:binding_blocks:getblock: Returned data request for 21
2015-04-30 05:50:55,522'INFO:analyzing block 21
2015-04-30 05:50:55,522'INFO:graphit:Entered , received params[[6, 55]]
2015-04-30 05:50:55,522'INFO:graphit:Corrected size
2015-04-30 05:50:55,522'INFO:graphit:    LDR R2, R0, TWOFIVESIX

    ADD R4, R2, R4

2015-04-30 05:50:55,522'INFO:graphit:     LDR R3, R0, Counter2

2015-04-30 05:50:55,522'DEBUG:graphit:FOUND CANDIDATE     LDR R3, R0, Counter2

2015-04-30 05:50:55,523'INFO:binding_blocks:overwriteblock: Overwrote block21
2015-04-30 05:50:55,523'INFO:build_dep:alp=22
2015-04-30 05:50:55,523'INFO:building_blocks:getblock:got  22 as block_num
2015-04-30 05:50:55,523'INFO:binding_blocks:getblock: Returned data request for 22
2015-04-30 05:50:55,523'INFO:analyzing block 22
2015-04-30 05:50:55,523'INFO:graphit:Entered , received params[[8, 57]]
2015-04-30 05:50:55,523'INFO:graphit:Corrected size
2015-04-30 05:50:55,523'INFO:graphit:    LDR R2, R0, TWOFIVESIX

    ADD R4, R2, R4

2015-04-30 05:50:55,523'INFO:graphit:     ADD R4, R2, R4

2015-04-30 05:50:55,523'INFO:graphit:     LDR R3, R0, Counter2

2015-04-30 05:50:55,523'DEBUG:graphit:FOUND CANDIDATE     LDR R3, R0, Counter2

2015-04-30 05:50:55,523'INFO:binding_blocks:overwriteblock: Overwrote block22
2015-04-30 05:50:55,523'INFO:build_dep:alp=23
2015-04-30 05:50:55,523'INFO:building_blocks:getblock:got  23 as block_num
2015-04-30 05:50:55,523'INFO:binding_blocks:getblock: Returned data request for 23
2015-04-30 05:50:55,524'INFO:analyzing block 23
2015-04-30 05:50:55,524'INFO:graphit:Entered , received params[[8, 57]]
2015-04-30 05:50:55,524'INFO:graphit:Corrected size
2015-04-30 05:50:55,524'INFO:graphit:    LDR R4, R0, TWOFIVESIX

    ADD R4, R3, R4

2015-04-30 05:50:55,524'INFO:graphit:     AND R6, R6, 0

2015-04-30 05:50:55,524'DEBUG:graphit:FOUND CANDIDATE     AND R6, R6, 0

2015-04-30 05:50:55,524'INFO:binding_blocks:overwriteblock: Overwrote block23
2015-04-30 05:50:55,524'INFO:build_dep:alp=24
2015-04-30 05:50:55,524'INFO:building_blocks:getblock:got  24 as block_num
2015-04-30 05:50:55,524'INFO:binding_blocks:getblock: Returned data request for 24
2015-04-30 05:50:55,524'INFO:analyzing block 24
2015-04-30 05:50:55,524'INFO:graphit:Entered , received params[[12, 61]]
2015-04-30 05:50:55,524'INFO:graphit:Corrected size
2015-04-30 05:50:55,525'INFO:graphit:    LDR R7, R5, 0

    ADD R6, R6, R7

2015-04-30 05:50:55,525'INFO:graphit:     STR R6, R5, 0

2015-04-30 05:50:55,525'INFO:graphit:     JSR CALNEXT2

2015-04-30 05:50:55,525'DEBUG:gtaphit:AVOIDED     JSR CALNEXT2

2015-04-30 05:50:55,525'INFO:binding_blocks:overwriteblock: Overwrote block24
2015-04-30 05:50:55,525'INFO:build_dep:alp=25
2015-04-30 05:50:55,525'INFO:building_blocks:getblock:got  25 as block_num
2015-04-30 05:50:55,525'INFO:binding_blocks:getblock: Returned data request for 25
2015-04-30 05:50:55,525'INFO:analyzing block 25
2015-04-30 05:50:55,525'INFO:graphit:Entered , received params[[6, 55]]
2015-04-30 05:50:55,525'INFO:graphit:Corrected size
2015-04-30 05:50:55,525'INFO:graphit:    LDR R4, R0, TWOFIVESIX

    ADD R4, R4, R4

2015-04-30 05:50:55,525'INFO:graphit:     ADD R4, R3, R4

2015-04-30 05:50:55,525'INFO:graphit:     AND R6, R6, 0

2015-04-30 05:50:55,525'DEBUG:graphit:FOUND CANDIDATE     AND R6, R6, 0

2015-04-30 05:50:55,526'INFO:binding_blocks:overwriteblock: Overwrote block25
2015-04-30 05:50:55,526'INFO:build_dep:alp=26
2015-04-30 05:50:55,526'INFO:building_blocks:getblock:got  26 as block_num
2015-04-30 05:50:55,526'INFO:binding_blocks:getblock: Returned data request for 26
2015-04-30 05:50:55,526'INFO:analyzing block 26
2015-04-30 05:50:55,526'INFO:graphit:Entered , received params[[12, 61]]
2015-04-30 05:50:55,526'INFO:graphit:Corrected size
2015-04-30 05:50:55,526'INFO:graphit:    LDR R7, R5, 0

    ADD R6, R6, R7

2015-04-30 05:50:55,526'INFO:graphit:     STR R6, R5, 0

2015-04-30 05:50:55,526'INFO:graphit:     JSR CALNEXT3

2015-04-30 05:50:55,526'DEBUG:gtaphit:AVOIDED     JSR CALNEXT3

2015-04-30 05:50:55,526'INFO:binding_blocks:overwriteblock: Overwrote block26
2015-04-30 05:50:55,526'INFO:build_dep:alp=27
2015-04-30 05:50:55,526'INFO:building_blocks:getblock:got  27 as block_num
2015-04-30 05:50:55,526'INFO:binding_blocks:getblock: Returned data request for 27
2015-04-30 05:50:55,527'INFO:analyzing block 27
2015-04-30 05:50:55,527'INFO:build_dep:alp=28
2015-04-30 05:50:55,527'INFO:building_blocks:getblock:got  28 as block_num
2015-04-30 05:50:55,527'INFO:binding_blocks:getblock: Returned data request for 28
2015-04-30 05:50:55,527'INFO:analyzing block 28
2015-04-30 05:50:55,527'INFO:build_dep:alp=29
2015-04-30 05:50:55,527'INFO:building_blocks:getblock:got  29 as block_num
2015-04-30 05:50:55,527'INFO:binding_blocks:getblock: Returned data request for 29
2015-04-30 05:50:55,527'INFO:analyzing block 29
2015-04-30 05:50:55,527'INFO:build_dep:alp=30
2015-04-30 05:50:55,527'INFO:building_blocks:getblock:got  30 as block_num
2015-04-30 05:50:55,527'INFO:binding_blocks:getblock: Returned data request for 30
2015-04-30 05:50:55,527'INFO:analyzing block 30
2015-04-30 05:50:55,527'INFO:build_dep:alp=31
2015-04-30 05:50:55,527'INFO:building_blocks:getblock:got  31 as block_num
2015-04-30 05:50:55,527'INFO:binding_blocks:getblock: Returned data request for 31
2015-04-30 05:50:55,528'INFO:analyzing block 31
2015-04-30 05:50:55,528'INFO:build_dep:alp=32
2015-04-30 05:50:55,528'INFO:building_blocks:getblock:got  32 as block_num
2015-04-30 05:50:55,528'INFO:binding_blocks:getblock: Returned data request for 32
2015-04-30 05:50:55,528'INFO:analyzing block 32
2015-04-30 05:50:55,528'INFO:build_dep:alp=33
2015-04-30 05:50:55,528'INFO:building_blocks:getblock:got  33 as block_num
2015-04-30 05:50:55,528'INFO:binding_blocks:getblock: Returned data request for 33
2015-04-30 05:50:55,528'INFO:analyzing block 33
2015-04-30 05:50:55,528'INFO:build_dep:alp=34
2015-04-30 05:50:55,528'INFO:building_blocks:getblock:got  34 as block_num
2015-04-30 05:50:55,528'INFO:binding_blocks:getblock: Returned data request for 34
2015-04-30 05:50:55,528'INFO:analyzing block 34
2015-04-30 05:50:55,528'INFO:build_dep:alp=35
2015-04-30 05:50:55,528'INFO:building_blocks:getblock:got  35 as block_num
2015-04-30 05:50:55,529'INFO:binding_blocks:getblock: Returned data request for 35
2015-04-30 05:50:55,529'INFO:analyzing block 35
2015-04-30 05:50:55,529'INFO:	No optimizations possible in block 35
2015-04-30 05:50:55,529'INFO:graphit:Entered , received params[[1, 50]]
2015-04-30 05:50:55,529'INFO:graphit:Corrected size
2015-04-30 05:50:55,529'INFO:graphit:    LDR R4, R0, TWOFIVESIX

    ADD R4, R4, R4

2015-04-30 05:50:55,529'INFO:graphit:     ADD R1, R4, R1

2015-04-30 05:50:55,529'INFO:graphit:     AND R7, R7, 0

2015-04-30 05:50:55,529'DEBUG:graphit:FOUND CANDIDATE     AND R7, R7, 0

2015-04-30 05:50:55,529'INFO:binding_blocks:overwriteblock: Overwrote block35
2015-04-30 05:50:55,529'INFO:build_dep:alp=36
2015-04-30 05:50:55,529'INFO:building_blocks:getblock:got  36 as block_num
2015-04-30 05:50:55,529'INFO:binding_blocks:getblock: Returned data request for 36
2015-04-30 05:50:55,530'INFO:analyzing block 36
2015-04-30 05:50:55,530'INFO:	No optimizations possible in block 36
2015-04-30 05:50:55,530'INFO:graphit:Entered , received params[[0, 49]]
2015-04-30 05:50:55,530'INFO:graphit:Corrected size
2015-04-30 05:50:55,530'INFO:graphit:    LDR  R3, R1, 0

    ADD R4, R3, R4

2015-04-30 05:50:55,530'INFO:graphit:     ADD R1, R1, 2

2015-04-30 05:50:55,530'DEBUG:graphit:FOUND CANDIDATE     ADD R1, R1, 2

2015-04-30 05:50:55,530'INFO:binding_blocks:overwriteblock: Overwrote block36
2015-04-30 05:50:55,530'INFO:build_dep:alp=37
2015-04-30 05:50:55,530'INFO:building_blocks:getblock:got  37 as block_num
2015-04-30 05:50:55,530'INFO:binding_blocks:getblock: Returned data request for 37
2015-04-30 05:50:55,530'INFO:analyzing block 37
2015-04-30 05:50:55,530'INFO:	No optimizations possible in block 37
2015-04-30 05:50:55,530'INFO:graphit:Entered , received params[[0, 49]]
2015-04-30 05:50:55,530'INFO:graphit:Corrected size
2015-04-30 05:50:55,531'INFO:graphit:    LDR  R3, R1, 0

    ADD R5, R3, R5

2015-04-30 05:50:55,531'INFO:graphit:     ADD R1, R1, 2

2015-04-30 05:50:55,531'DEBUG:graphit:FOUND CANDIDATE     ADD R1, R1, 2

2015-04-30 05:50:55,531'INFO:binding_blocks:overwriteblock: Overwrote block37
2015-04-30 05:50:55,531'INFO:build_dep:alp=38
2015-04-30 05:50:55,531'INFO:building_blocks:getblock:got  38 as block_num
2015-04-30 05:50:55,531'INFO:binding_blocks:getblock: Returned data request for 38
2015-04-30 05:50:55,531'INFO:analyzing block 38
2015-04-30 05:50:55,547'INFO:	No optimizations possible in block 38
2015-04-30 05:50:55,547'INFO:graphit:Entered , received params[[0, 49]]
2015-04-30 05:50:55,547'INFO:graphit:Corrected size
2015-04-30 05:50:55,547'INFO:graphit:    LDR  R3, R1, 0

    ADD R6, R3, R6

2015-04-30 05:50:55,547'INFO:graphit:     ADD R1, R1, 2

2015-04-30 05:50:55,547'DEBUG:graphit:FOUND CANDIDATE     ADD R1, R1, 2

2015-04-30 05:50:55,547'INFO:binding_blocks:overwriteblock: Overwrote block38
2015-04-30 05:50:55,548'INFO:build_dep:alp=39
2015-04-30 05:50:55,548'INFO:building_blocks:getblock:got  39 as block_num
2015-04-30 05:50:55,548'INFO:binding_blocks:getblock: Returned data request for 39
2015-04-30 05:50:55,548'INFO:analyzing block 39
2015-04-30 05:50:55,548'INFO:graphit:Entered , received params[[0, 49]]
2015-04-30 05:50:55,548'INFO:graphit:Corrected size
2015-04-30 05:50:55,548'INFO:graphit:    LDR  R3, R1, 0

    ADD R7, R3, R7

2015-04-30 05:50:55,548'INFO:graphit:     ADD R1, R1, 2

2015-04-30 05:50:55,548'DEBUG:graphit:FOUND CANDIDATE     ADD R1, R1, 2

2015-04-30 05:50:55,548'INFO:binding_blocks:overwriteblock: Overwrote block39
