2015-04-30 17:29:22,006'INFO:Set logger---
2015-04-30 17:29:22,010'INFO:binding_blocks:clean: Complete
2015-04-30 17:29:22,010'INFO:binding_blocks:consolidate:Entered
2015-04-30 17:29:22,013'INFO:building_blocks : consolidated
2015-04-30 17:29:22,013'CRITICAL:binding_blocks:writetofile:WROTE FILE to hererhere.asm
2015-04-30 17:29:22,013'INFO:build_dep:alp=0
2015-04-30 17:29:22,013'INFO:building_blocks:getblock:got  0 as block_num
2015-04-30 17:29:22,013'INFO:binding_blocks:getblock: Returned data request for 0
2015-04-30 17:29:22,013'INFO:build_dep:Returned:    JMP R1

2015-04-30 17:29:22,013'INFO:analyzing block 0
2015-04-30 17:29:22,013'INFO:build_dep:alp=1
2015-04-30 17:29:22,013'INFO:building_blocks:getblock:got  1 as block_num
2015-04-30 17:29:22,014'INFO:binding_blocks:getblock: Returned data request for 1
2015-04-30 17:29:22,014'INFO:analyzing block 1
2015-04-30 17:29:22,014'INFO:build_dep:alp=2
2015-04-30 17:29:22,014'INFO:building_blocks:getblock:got  2 as block_num
2015-04-30 17:29:22,014'INFO:binding_blocks:getblock: Returned data request for 2
2015-04-30 17:29:22,014'INFO:build_dep:Returned:    BRnzp HALT

2015-04-30 17:29:22,014'INFO:analyzing block 2
2015-04-30 17:29:22,014'INFO:build_dep:alp=3
2015-04-30 17:29:22,014'INFO:building_blocks:getblock:got  3 as block_num
2015-04-30 17:29:22,014'INFO:binding_blocks:getblock: Returned data request for 3
2015-04-30 17:29:22,014'INFO:analyzing block 3
2015-04-30 17:29:22,014'INFO:build_dep:alp=4
2015-04-30 17:29:22,014'INFO:building_blocks:getblock:got  4 as block_num
2015-04-30 17:29:22,014'INFO:binding_blocks:getblock: Returned data request for 4
2015-04-30 17:29:22,014'INFO:analyzing block 4
2015-04-30 17:29:22,014'INFO:build_dep:alp=5
2015-04-30 17:29:22,014'INFO:building_blocks:getblock:got  5 as block_num
2015-04-30 17:29:22,014'INFO:binding_blocks:getblock: Returned data request for 5
2015-04-30 17:29:22,014'INFO:analyzing block 5
2015-04-30 17:29:22,015'DEBUG:Total Possible Hazards0
