2015-04-30 05:30:48,229'INFO:Set logger---
2015-04-30 05:30:48,249'INFO:building_blocke : consolidated
2015-04-30 05:30:48,262'INFO:building_blocks:getblock:got  0 as block_num
2015-04-30 05:30:48,265'INFO:analyzing block 0
2015-04-30 05:30:48,265'INFO:	No optimizations possible in block 0
2015-04-30 05:30:48,265'INFO:building_blocks:getblock:got  1 as block_num
2015-04-30 05:30:48,266'INFO:analyzing block 1
2015-04-30 05:30:48,266'INFO:building_blocks:getblock:got  2 as block_num
2015-04-30 05:30:48,267'INFO:analyzing block 2
2015-04-30 05:30:48,267'INFO:building_blocks:getblock:got  3 as block_num
2015-04-30 05:30:48,267'INFO:analyzing block 3
2015-04-30 05:30:48,267'INFO:building_blocks:getblock:got  4 as block_num
2015-04-30 05:30:48,267'INFO:analyzing block 4
2015-04-30 05:30:48,267'INFO:building_blocks:getblock:got  5 as block_num
2015-04-30 05:30:48,267'INFO:analyzing block 5
2015-04-30 05:30:48,267'INFO:building_blocks:getblock:got  6 as block_num
2015-04-30 05:30:48,267'INFO:analyzing block 6
2015-04-30 05:30:48,267'INFO:building_blocks:getblock:got  7 as block_num
2015-04-30 05:30:48,268'INFO:analyzing block 7
2015-04-30 05:30:48,268'INFO:building_blocks:getblock:got  8 as block_num
2015-04-30 05:30:48,268'INFO:analyzing block 8
2015-04-30 05:30:48,268'INFO:building_blocks:getblock:got  9 as block_num
2015-04-30 05:30:48,268'INFO:analyzing block 9
2015-04-30 05:30:48,268'INFO:graphit:Entered , received params[[26, 75]]
2015-04-30 05:30:48,268'INFO:graphit:    LDR R3, R0, nosedive

    ADD R4, R3, 11

