2015-04-30 05:34:56,258'INFO:Set logger---
2015-04-30 05:34:56,281'INFO:building_blocke : consolidated
2015-04-30 05:34:56,292'INFO:building_blocks:getblock:got  0 as block_num
2015-04-30 05:34:56,293'INFO:analyzing block 0
2015-04-30 05:34:56,293'INFO:	No optimizations possible in block 0
2015-04-30 05:34:56,293'INFO:building_blocks:getblock:got  1 as block_num
2015-04-30 05:34:56,293'INFO:analyzing block 1
2015-04-30 05:34:56,293'INFO:building_blocks:getblock:got  2 as block_num
2015-04-30 05:34:56,294'INFO:analyzing block 2
2015-04-30 05:34:56,294'INFO:building_blocks:getblock:got  3 as block_num
2015-04-30 05:34:56,294'INFO:analyzing block 3
2015-04-30 05:34:56,294'INFO:building_blocks:getblock:got  4 as block_num
2015-04-30 05:34:56,295'INFO:analyzing block 4
2015-04-30 05:34:56,295'INFO:building_blocks:getblock:got  5 as block_num
2015-04-30 05:34:56,295'INFO:analyzing block 5
2015-04-30 05:34:56,295'INFO:building_blocks:getblock:got  6 as block_num
2015-04-30 05:34:56,295'INFO:analyzing block 6
2015-04-30 05:34:56,295'INFO:building_blocks:getblock:got  7 as block_num
2015-04-30 05:34:56,295'INFO:analyzing block 7
2015-04-30 05:34:56,295'INFO:building_blocks:getblock:got  8 as block_num
2015-04-30 05:34:56,295'INFO:analyzing block 8
2015-04-30 05:34:56,295'INFO:building_blocks:getblock:got  9 as block_num
2015-04-30 05:34:56,296'INFO:analyzing block 9
2015-04-30 05:34:56,296'INFO:graphit:Entered , received params[[26, 75]]
2015-04-30 05:34:56,296'INFO:graphit:Corrected size
2015-04-30 05:34:56,296'INFO:graphit:    LDR R3, R0, nosedive

    ADD R4, R3, 11

2015-04-30 05:34:56,296'INFO:graphit:     LDR R3, R0, tailspin

2015-04-30 05:34:56,296'INFO:graphit:     rshfl R4, R4, 1

2015-04-30 05:34:56,296'INFO:graphit:     ADD R5, R3, 7

2015-04-30 05:34:56,296'INFO:graphit:     LDI R1, R0, compass

2015-04-30 05:34:56,296'DEBUG:graphit:FOUND CANDIDATE     LDI R1, R0, compass

2015-04-30 05:34:56,297'INFO:building_blocks:getblock:got  10 as block_num
2015-04-30 05:34:56,297'INFO:analyzing block 10
2015-04-30 05:34:56,297'INFO:building_blocks:getblock:got  11 as block_num
2015-04-30 05:34:56,297'INFO:analyzing block 11
2015-04-30 05:34:56,298'INFO:building_blocks:getblock:got  12 as block_num
2015-04-30 05:34:56,298'INFO:analyzing block 12
2015-04-30 05:34:56,298'INFO:building_blocks:getblock:got  13 as block_num
2015-04-30 05:34:56,298'INFO:analyzing block 13
2015-04-30 05:34:56,298'INFO:building_blocks:getblock:got  14 as block_num
2015-04-30 05:34:56,298'INFO:analyzing block 14
2015-04-30 05:34:56,298'INFO:building_blocks:getblock:got  15 as block_num
2015-04-30 05:34:56,298'INFO:analyzing block 15
2015-04-30 05:34:56,298'INFO:building_blocks:getblock:got  16 as block_num
2015-04-30 05:34:56,298'INFO:analyzing block 16
2015-04-30 05:34:56,298'INFO:building_blocks:getblock:got  17 as block_num
2015-04-30 05:34:56,299'INFO:analyzing block 17
2015-04-30 05:34:56,299'INFO:building_blocks:getblock:got  18 as block_num
2015-04-30 05:34:56,299'INFO:analyzing block 18
2015-04-30 05:34:56,299'INFO:building_blocks:getblock:got  19 as block_num
2015-04-30 05:34:56,299'INFO:analyzing block 19
2015-04-30 05:34:56,299'INFO:building_blocks:getblock:got  20 as block_num
2015-04-30 05:34:56,299'INFO:analyzing block 20
2015-04-30 05:34:56,299'INFO:	No optimizations possible in block 20
2015-04-30 05:34:56,299'INFO:building_blocks:getblock:got  21 as block_num
2015-04-30 05:34:56,300'INFO:analyzing block 21
2015-04-30 05:34:56,300'INFO:graphit:Entered , received params[[6, 55]]
2015-04-30 05:34:56,300'INFO:graphit:Corrected size
2015-04-30 05:34:56,300'INFO:graphit:    LDR R2, R0, TWOFIVESIX

    ADD R4, R2, R4

2015-04-30 05:34:56,300'INFO:graphit:     LDR R3, R0, Counter2

2015-04-30 05:34:56,300'DEBUG:graphit:FOUND CANDIDATE     LDR R3, R0, Counter2

2015-04-30 05:34:56,300'INFO:building_blocks:getblock:got  22 as block_num
2015-04-30 05:34:56,300'INFO:analyzing block 22
2015-04-30 05:34:56,300'INFO:graphit:Entered , received params[[8, 57]]
2015-04-30 05:34:56,300'INFO:graphit:Corrected size
2015-04-30 05:34:56,337'INFO:graphit:    LDR R2, R0, TWOFIVESIX

    ADD R4, R2, R4

2015-04-30 05:34:56,337'INFO:graphit:     ADD R4, R2, R4

2015-04-30 05:34:56,337'INFO:graphit:     LDR R3, R0, Counter2

2015-04-30 05:34:56,337'DEBUG:graphit:FOUND CANDIDATE     LDR R3, R0, Counter2

2015-04-30 05:34:56,337'INFO:building_blocks:getblock:got  23 as block_num
2015-04-30 05:34:56,337'INFO:analyzing block 23
2015-04-30 05:34:56,337'INFO:graphit:Entered , received params[[8, 57]]
2015-04-30 05:34:56,338'INFO:graphit:Corrected size
2015-04-30 05:34:56,338'INFO:graphit:    LDR R4, R0, TWOFIVESIX

    ADD R4, R3, R4

2015-04-30 05:34:56,338'INFO:graphit:     AND R6, R6, 0

2015-04-30 05:34:56,338'DEBUG:graphit:FOUND CANDIDATE     AND R6, R6, 0

2015-04-30 05:34:56,338'INFO:building_blocks:getblock:got  24 as block_num
2015-04-30 05:34:56,338'INFO:analyzing block 24
2015-04-30 05:34:56,338'INFO:graphit:Entered , received params[[12, 61]]
2015-04-30 05:34:56,338'INFO:graphit:Corrected size
2015-04-30 05:34:56,368'INFO:graphit:    LDR R7, R5, 0

    ADD R6, R6, R7

2015-04-30 05:34:56,368'INFO:graphit:     STR R6, R5, 0

2015-04-30 05:34:56,368'INFO:graphit:     JSR CALNEXT2

2015-04-30 05:34:56,368'DEBUG:gtaphit:AVOIDED     JSR CALNEXT2

2015-04-30 05:34:56,368'INFO:building_blocks:getblock:got  25 as block_num
2015-04-30 05:34:56,368'INFO:analyzing block 25
2015-04-30 05:34:56,368'INFO:graphit:Entered , received params[[6, 55]]
2015-04-30 05:34:56,368'INFO:graphit:Corrected size
2015-04-30 05:34:56,369'INFO:graphit:    LDR R4, R0, TWOFIVESIX

    ADD R4, R4, R4

2015-04-30 05:34:56,369'INFO:graphit:     ADD R4, R3, R4

2015-04-30 05:34:56,369'INFO:graphit:     AND R6, R6, 0

2015-04-30 05:34:56,369'DEBUG:graphit:FOUND CANDIDATE     AND R6, R6, 0

2015-04-30 05:34:56,369'INFO:building_blocks:getblock:got  26 as block_num
2015-04-30 05:34:56,369'INFO:analyzing block 26
2015-04-30 05:34:56,394'INFO:graphit:Entered , received params[[12, 61]]
2015-04-30 05:34:56,394'INFO:graphit:Corrected size
2015-04-30 05:34:56,394'INFO:graphit:    LDR R7, R5, 0

    ADD R6, R6, R7

2015-04-30 05:34:56,394'INFO:graphit:     STR R6, R5, 0

2015-04-30 05:34:56,394'INFO:graphit:     JSR CALNEXT3

2015-04-30 05:34:56,394'DEBUG:gtaphit:AVOIDED     JSR CALNEXT3

2015-04-30 05:34:56,394'INFO:building_blocks:getblock:got  27 as block_num
2015-04-30 05:34:56,394'INFO:analyzing block 27
2015-04-30 05:34:56,394'INFO:building_blocks:getblock:got  28 as block_num
2015-04-30 05:34:56,395'INFO:analyzing block 28
2015-04-30 05:34:56,395'INFO:building_blocks:getblock:got  29 as block_num
2015-04-30 05:34:56,395'INFO:analyzing block 29
2015-04-30 05:34:56,395'INFO:building_blocks:getblock:got  30 as block_num
2015-04-30 05:34:56,395'INFO:analyzing block 30
2015-04-30 05:34:56,395'INFO:building_blocks:getblock:got  31 as block_num
2015-04-30 05:34:56,395'INFO:analyzing block 31
2015-04-30 05:34:56,395'INFO:building_blocks:getblock:got  32 as block_num
2015-04-30 05:34:56,395'INFO:analyzing block 32
2015-04-30 05:34:56,395'INFO:building_blocks:getblock:got  33 as block_num
2015-04-30 05:34:56,395'INFO:analyzing block 33
2015-04-30 05:34:56,395'INFO:building_blocks:getblock:got  34 as block_num
2015-04-30 05:34:56,395'INFO:analyzing block 34
2015-04-30 05:34:56,396'INFO:building_blocks:getblock:got  35 as block_num
2015-04-30 05:34:56,396'INFO:analyzing block 35
2015-04-30 05:34:56,396'INFO:	No optimizations possible in block 35
2015-04-30 05:34:56,396'INFO:graphit:Entered , received params[[1, 50]]
2015-04-30 05:34:56,396'INFO:graphit:Corrected size
2015-04-30 05:34:56,396'INFO:graphit:    LDR R4, R0, TWOFIVESIX

    ADD R4, R4, R4

2015-04-30 05:34:56,396'INFO:graphit:     ADD R1, R4, R1

2015-04-30 05:34:56,396'INFO:graphit:     AND R7, R7, 0

2015-04-30 05:34:56,396'DEBUG:graphit:FOUND CANDIDATE     AND R7, R7, 0

2015-04-30 05:34:56,429'INFO:building_blocks:getblock:got  36 as block_num
2015-04-30 05:34:56,429'INFO:analyzing block 36
2015-04-30 05:34:56,429'INFO:	No optimizations possible in block 36
2015-04-30 05:34:56,429'INFO:graphit:Entered , received params[[0, 49]]
2015-04-30 05:34:56,429'INFO:graphit:Corrected size
2015-04-30 05:34:56,429'INFO:graphit:    LDR  R3, R1, 0

    ADD R4, R3, R4

2015-04-30 05:34:56,430'INFO:graphit:     ADD R1, R1, 2

2015-04-30 05:34:56,430'DEBUG:graphit:FOUND CANDIDATE     ADD R1, R1, 2

2015-04-30 05:34:56,430'INFO:building_blocks:getblock:got  37 as block_num
2015-04-30 05:34:56,430'INFO:analyzing block 37
2015-04-30 05:34:56,430'INFO:	No optimizations possible in block 37
2015-04-30 05:34:56,430'INFO:graphit:Entered , received params[[0, 49]]
2015-04-30 05:34:56,430'INFO:graphit:Corrected size
2015-04-30 05:34:56,430'INFO:graphit:    LDR  R3, R1, 0

    ADD R5, R3, R5

2015-04-30 05:34:56,430'INFO:graphit:     ADD R1, R1, 2

2015-04-30 05:34:56,430'DEBUG:graphit:FOUND CANDIDATE     ADD R1, R1, 2

2015-04-30 05:34:56,430'INFO:building_blocks:getblock:got  38 as block_num
2015-04-30 05:34:56,430'INFO:analyzing block 38
2015-04-30 05:34:56,430'INFO:	No optimizations possible in block 38
2015-04-30 05:34:56,430'INFO:graphit:Entered , received params[[0, 49]]
2015-04-30 05:34:56,431'INFO:graphit:Corrected size
2015-04-30 05:34:56,431'INFO:graphit:    LDR  R3, R1, 0

    ADD R6, R3, R6

2015-04-30 05:34:56,431'INFO:graphit:     ADD R1, R1, 2

2015-04-30 05:34:56,431'DEBUG:graphit:FOUND CANDIDATE     ADD R1, R1, 2

2015-04-30 05:34:56,457'INFO:building_blocks:getblock:got  39 as block_num
2015-04-30 05:34:56,457'INFO:analyzing block 39
2015-04-30 05:34:56,458'INFO:graphit:Entered , received params[[0, 49]]
2015-04-30 05:34:56,458'INFO:graphit:Corrected size
2015-04-30 05:34:56,458'INFO:graphit:    LDR  R3, R1, 0

    ADD R7, R3, R7

2015-04-30 05:34:56,458'INFO:graphit:     ADD R1, R1, 2

2015-04-30 05:34:56,458'DEBUG:graphit:FOUND CANDIDATE     ADD R1, R1, 2

