2015-04-28 18:41:27,908'INFO:Set logger---
2015-04-28 18:41:27,928'INFO:building_blocke : consolidated
2015-04-28 18:41:27,934'INFO:building_blocks:getblock:got  0 as block_num
2015-04-28 18:41:27,935'INFO:analyzing block 0
2015-04-28 18:41:27,935'INFO:	No optimizations possible in block 0
2015-04-28 18:41:27,936'INFO:building_blocks:getblock:got  1 as block_num
2015-04-28 18:41:27,936'INFO:analyzing block 1
2015-04-28 18:41:27,936'INFO:building_blocks:getblock:got  2 as block_num
2015-04-28 18:41:27,937'INFO:analyzing block 2
2015-04-28 18:41:27,937'INFO:building_blocks:getblock:got  3 as block_num
2015-04-28 18:41:27,937'INFO:analyzing block 3
2015-04-28 18:41:27,938'INFO:building_blocks:getblock:got  4 as block_num
2015-04-28 18:41:27,938'INFO:analyzing block 4
2015-04-28 18:41:27,938'INFO:building_blocks:getblock:got  5 as block_num
2015-04-28 18:41:27,938'INFO:analyzing block 5
2015-04-28 18:41:27,938'INFO:building_blocks:getblock:got  6 as block_num
2015-04-28 18:41:27,938'INFO:analyzing block 6
2015-04-28 18:41:27,938'INFO:building_blocks:getblock:got  7 as block_num
2015-04-28 18:41:27,938'INFO:analyzing block 7
2015-04-28 18:41:27,938'INFO:building_blocks:getblock:got  8 as block_num
2015-04-28 18:41:27,938'INFO:analyzing block 8
2015-04-28 18:41:27,938'INFO:building_blocks:getblock:got  9 as block_num
2015-04-28 18:41:27,939'INFO:analyzing block 9
2015-04-28 18:41:27,939'INFO:graphit:Entered , received params[[26, 75]]
2015-04-28 18:41:27,939'INFO:building_blocks:getblock:got  10 as block_num
2015-04-28 18:41:27,939'INFO:analyzing block 10
2015-04-28 18:41:27,939'INFO:building_blocks:getblock:got  11 as block_num
2015-04-28 18:41:27,939'INFO:analyzing block 11
2015-04-28 18:41:27,939'INFO:building_blocks:getblock:got  12 as block_num
2015-04-28 18:41:27,939'INFO:analyzing block 12
2015-04-28 18:41:27,940'INFO:building_blocks:getblock:got  13 as block_num
2015-04-28 18:41:27,940'INFO:analyzing block 13
2015-04-28 18:41:27,940'INFO:building_blocks:getblock:got  14 as block_num
2015-04-28 18:41:27,940'INFO:analyzing block 14
2015-04-28 18:41:27,940'INFO:building_blocks:getblock:got  15 as block_num
2015-04-28 18:41:27,940'INFO:analyzing block 15
2015-04-28 18:41:27,940'INFO:building_blocks:getblock:got  16 as block_num
2015-04-28 18:41:27,940'INFO:analyzing block 16
2015-04-28 18:41:27,940'INFO:building_blocks:getblock:got  17 as block_num
2015-04-28 18:41:27,940'INFO:analyzing block 17
2015-04-28 18:41:27,940'INFO:building_blocks:getblock:got  18 as block_num
2015-04-28 18:41:27,940'INFO:analyzing block 18
2015-04-28 18:41:27,940'INFO:building_blocks:getblock:got  19 as block_num
2015-04-28 18:41:27,941'INFO:analyzing block 19
2015-04-28 18:41:27,941'INFO:building_blocks:getblock:got  20 as block_num
2015-04-28 18:41:27,941'INFO:analyzing block 20
2015-04-28 18:41:27,941'INFO:	No optimizations possible in block 20
2015-04-28 18:41:27,941'INFO:building_blocks:getblock:got  21 as block_num
2015-04-28 18:41:27,941'INFO:analyzing block 21
2015-04-28 18:41:27,941'INFO:graphit:Entered , received params[[6, 55]]
2015-04-28 18:41:27,941'INFO:building_blocks:getblock:got  22 as block_num
2015-04-28 18:41:27,941'INFO:analyzing block 22
2015-04-28 18:41:27,941'INFO:graphit:Entered , received params[[8, 57]]
2015-04-28 18:41:27,941'INFO:building_blocks:getblock:got  23 as block_num
2015-04-28 18:41:27,942'INFO:analyzing block 23
2015-04-28 18:41:27,942'INFO:graphit:Entered , received params[[8, 57]]
2015-04-28 18:41:27,942'INFO:building_blocks:getblock:got  24 as block_num
2015-04-28 18:41:27,942'INFO:analyzing block 24
2015-04-28 18:41:27,942'INFO:graphit:Entered , received params[[12, 61]]
2015-04-28 18:41:27,942'INFO:building_blocks:getblock:got  25 as block_num
2015-04-28 18:41:27,942'INFO:analyzing block 25
2015-04-28 18:41:27,942'INFO:graphit:Entered , received params[[6, 55]]
2015-04-28 18:41:27,991'INFO:building_blocks:getblock:got  26 as block_num
2015-04-28 18:41:27,992'INFO:analyzing block 26
2015-04-28 18:41:27,992'INFO:graphit:Entered , received params[[12, 61]]
2015-04-28 18:41:27,992'INFO:building_blocks:getblock:got  27 as block_num
2015-04-28 18:41:27,992'INFO:analyzing block 27
2015-04-28 18:41:27,992'INFO:building_blocks:getblock:got  28 as block_num
2015-04-28 18:41:27,992'INFO:analyzing block 28
2015-04-28 18:41:27,992'INFO:building_blocks:getblock:got  29 as block_num
2015-04-28 18:41:27,992'INFO:analyzing block 29
2015-04-28 18:41:27,992'INFO:building_blocks:getblock:got  30 as block_num
2015-04-28 18:41:27,992'INFO:analyzing block 30
2015-04-28 18:41:27,992'INFO:building_blocks:getblock:got  31 as block_num
2015-04-28 18:41:27,992'INFO:analyzing block 31
2015-04-28 18:41:27,993'INFO:building_blocks:getblock:got  32 as block_num
2015-04-28 18:41:27,993'INFO:analyzing block 32
2015-04-28 18:41:27,993'INFO:building_blocks:getblock:got  33 as block_num
2015-04-28 18:41:27,993'INFO:analyzing block 33
2015-04-28 18:41:27,993'INFO:building_blocks:getblock:got  34 as block_num
2015-04-28 18:41:27,993'INFO:analyzing block 34
2015-04-28 18:41:27,993'INFO:building_blocks:getblock:got  35 as block_num
2015-04-28 18:41:27,993'INFO:analyzing block 35
2015-04-28 18:41:27,993'INFO:	No optimizations possible in block 35
2015-04-28 18:41:27,993'INFO:graphit:Entered , received params[[1, 50]]
2015-04-28 18:41:27,993'INFO:building_blocks:getblock:got  36 as block_num
2015-04-28 18:41:27,993'INFO:analyzing block 36
2015-04-28 18:41:27,993'INFO:	No optimizations possible in block 36
2015-04-28 18:41:27,994'INFO:graphit:Entered , received params[[0, 49]]
2015-04-28 18:41:27,994'INFO:building_blocks:getblock:got  37 as block_num
2015-04-28 18:41:27,994'INFO:analyzing block 37
2015-04-28 18:41:27,994'INFO:	No optimizations possible in block 37
2015-04-28 18:41:27,994'INFO:graphit:Entered , received params[[0, 49]]
2015-04-28 18:41:27,994'INFO:building_blocks:getblock:got  38 as block_num
2015-04-28 18:41:27,994'INFO:analyzing block 38
2015-04-28 18:41:27,994'INFO:	No optimizations possible in block 38
2015-04-28 18:41:27,994'INFO:graphit:Entered , received params[[0, 49]]
2015-04-28 18:41:27,994'INFO:building_blocks:getblock:got  39 as block_num
2015-04-28 18:41:27,994'INFO:analyzing block 39
2015-04-28 18:41:27,994'INFO:graphit:Entered , received params[[0, 49]]
