2015-04-30 17:28:42,675'INFO:Set logger---
2015-04-30 17:28:42,679'INFO:binding_blocks:clean: Complete
2015-04-30 17:28:42,680'INFO:binding_blocks:consolidate:Entered
2015-04-30 17:28:42,720'INFO:building_blocks : consolidated
2015-04-30 17:28:42,722'CRITICAL:binding_blocks:writetofile:WROTE FILE to hererhere.asm
2015-04-30 17:28:42,722'INFO:build_dep:alp=0
2015-04-30 17:28:42,722'INFO:building_blocks:getblock:got  0 as block_num
2015-04-30 17:28:42,722'INFO:binding_blocks:getblock: Returned data request for 0
2015-04-30 17:28:42,723'INFO:build_dep:Returned:    JMP R1

2015-04-30 17:28:42,723'INFO:analyzing block 0
2015-04-30 17:28:42,723'INFO:build_dep:alp=1
2015-04-30 17:28:42,723'INFO:building_blocks:getblock:got  1 as block_num
2015-04-30 17:28:42,723'INFO:binding_blocks:getblock: Returned data request for 1
2015-04-30 17:28:42,723'INFO:analyzing block 1
2015-04-30 17:28:42,723'INFO:build_dep:alp=2
2015-04-30 17:28:42,723'INFO:building_blocks:getblock:got  2 as block_num
2015-04-30 17:28:42,723'INFO:binding_blocks:getblock: Returned data request for 2
2015-04-30 17:28:42,723'INFO:build_dep:Returned:    BRnzp HALT

2015-04-30 17:28:42,723'INFO:analyzing block 2
2015-04-30 17:28:42,723'INFO:build_dep:alp=3
2015-04-30 17:28:42,723'INFO:building_blocks:getblock:got  3 as block_num
2015-04-30 17:28:42,723'INFO:binding_blocks:getblock: Returned data request for 3
2015-04-30 17:28:42,723'INFO:analyzing block 3
2015-04-30 17:28:42,723'INFO:build_dep:alp=4
2015-04-30 17:28:42,724'INFO:building_blocks:getblock:got  4 as block_num
2015-04-30 17:28:42,724'INFO:binding_blocks:getblock: Returned data request for 4
2015-04-30 17:28:42,724'INFO:analyzing block 4
2015-04-30 17:28:42,724'INFO:build_dep:alp=5
2015-04-30 17:28:42,724'INFO:building_blocks:getblock:got  5 as block_num
2015-04-30 17:28:42,724'INFO:binding_blocks:getblock: Returned data request for 5
2015-04-30 17:28:42,724'INFO:analyzing block 5
2015-04-30 17:28:42,724'DEBUG:Total Possible Hazards0
