2015-04-30 06:05:51,206'INFO:Set logger---
2015-04-30 06:05:51,228'INFO:building_blocke : consolidated
2015-04-30 06:05:51,245'INFO:build_dep:alp=0
2015-04-30 06:05:51,245'INFO:building_blocks:getblock:got  0 as block_num
2015-04-30 06:05:51,245'INFO:binding_blocks:getblock: Returned data request for 0
2015-04-30 06:05:51,250'INFO:build_dep:Returned:    LEA R0, DataSegment

2015-04-30 06:05:51,250'INFO:build_dep:Returned:    ADD R1, R1, 12

2015-04-30 06:05:51,251'INFO:build_dep:Returned:    NOP

2015-04-30 06:05:51,251'INFO:build_dep:Returned:    NOP

2015-04-30 06:05:51,251'INFO:build_dep:Returned:    NOP

2015-04-30 06:05:51,251'INFO:build_dep:Returned:    ADD R1, R1, -5

2015-04-30 06:05:51,251'INFO:build_dep:Returned:    NOP

2015-04-30 06:05:51,251'INFO:build_dep:Returned:    NOP

2015-04-30 06:05:51,251'INFO:build_dep:Returned:    NOP

2015-04-30 06:05:51,251'INFO:build_dep:Returned:    ADD R1, R1, 0

2015-04-30 06:05:51,251'INFO:build_dep:Returned:    NOP

2015-04-30 06:05:51,251'INFO:build_dep:Returned:    NOP

2015-04-30 06:05:51,251'INFO:build_dep:Returned:    NOP

2015-04-30 06:05:51,251'INFO:build_dep:Returned:    STR R1, R0, aacus

2015-04-30 06:05:51,251'INFO:build_dep:Returned:    AND R2, R0, 4x0F

2015-04-30 06:05:51,251'INFO:build_dep:Returned:    NOP

2015-04-30 06:05:51,251'INFO:build_dep:Returned:    NOP

2015-04-30 06:05:51,251'INFO:build_dep:Returned:    NOP

2015-04-30 06:05:51,251'INFO:build_dep:Returned:    STR R2, R0, joiner

2015-04-30 06:05:51,252'INFO:build_dep:Returned:    NOP

2015-04-30 06:05:51,252'INFO:build_dep:Returned:    NOP

2015-04-30 06:05:51,252'INFO:build_dep:Returned:    NOP

2015-04-30 06:05:51,252'INFO:build_dep:Returned:    LDR R3, R0, DEEB

2015-04-30 06:05:51,252'INFO:build_dep:Returned:    NOP

2015-04-30 06:05:51,252'INFO:build_dep:Returned:    NOP

2015-04-30 06:05:51,252'INFO:build_dep:Returned:    NOP

2015-04-30 06:05:51,252'INFO:build_dep:Returned:    LDR R4, R0, LEAF

2015-04-30 06:05:51,252'INFO:build_dep:Returned:    NOP

2015-04-30 06:05:51,252'INFO:build_dep:Returned:    NOP

2015-04-30 06:05:51,252'INFO:build_dep:Returned:    NOP

2015-04-30 06:05:51,252'INFO:build_dep:Returned:    LDR R5, R0, D22D

2015-04-30 06:05:51,252'INFO:build_dep:Returned:    NOP

2015-04-30 06:05:51,252'INFO:build_dep:Returned:    NOP

2015-04-30 06:05:51,252'INFO:build_dep:Returned:    NOP

2015-04-30 06:05:51,252'INFO:build_dep:Returned:    LDR R6, R0, LIFE

2015-04-30 06:05:51,252'INFO:build_dep:Returned:    NOP

2015-04-30 06:05:51,252'INFO:build_dep:Returned:    NOP

2015-04-30 06:05:51,252'INFO:build_dep:Returned:    NOP

2015-04-30 06:05:51,253'INFO:build_dep:Returned:    ADD R3, R3, R4

2015-04-30 06:05:51,253'INFO:build_dep:Returned:    NOP

2015-04-30 06:05:51,253'INFO:build_dep:Returned:    NOP

2015-04-30 06:05:51,253'INFO:build_dep:Returned:    NOP

2015-04-30 06:05:51,253'INFO:build_dep:Returned:    ADD R3, R3, R3

2015-04-30 06:05:51,253'INFO:build_dep:Returned:    NOP

2015-04-30 06:05:51,253'INFO:build_dep:Returned:    NOP

2015-04-30 06:05:51,253'INFO:build_dep:Returned:    NOP

2015-04-30 06:05:51,253'INFO:build_dep:Returned:    STR R3, R0, calcx

2015-04-30 06:05:51,253'INFO:build_dep:Returned:    AND R4, R5, R3

2015-04-30 06:05:51,253'INFO:build_dep:Returned:    NOP

2015-04-30 06:05:51,253'INFO:build_dep:Returned:    NOP

2015-04-30 06:05:51,253'INFO:build_dep:Returned:    NOP

2015-04-30 06:05:51,253'INFO:build_dep:Returned:    STR R4, R0, joiner

2015-04-30 06:05:51,253'INFO:build_dep:Returned:    NOT R5, R5

2015-04-30 06:05:51,253'INFO:build_dep:Returned:    NOP

2015-04-30 06:05:51,253'INFO:build_dep:Returned:    NOP

2015-04-30 06:05:51,253'INFO:build_dep:Returned:    NOP

2015-04-30 06:05:51,253'INFO:build_dep:Returned:    STR R5, R0, duh

2015-04-30 06:05:51,254'INFO:build_dep:Returned:    LDR R6, R0, FOED

2015-04-30 06:05:51,254'INFO:build_dep:Returned:    NOP

2015-04-30 06:05:51,254'INFO:build_dep:Returned:    NOP

2015-04-30 06:05:51,254'INFO:build_dep:Returned:    NOP

2015-04-30 06:05:51,254'INFO:build_dep:Returned:    LDR R7, R0, FOED

2015-04-30 06:05:51,254'INFO:build_dep:Returned:    NOP

2015-04-30 06:05:51,254'INFO:build_dep:Returned:    NOP

2015-04-30 06:05:51,254'INFO:build_dep:Returned:    NOP

2015-04-30 06:05:51,254'INFO:build_dep:Returned:    LSHF R6, R6, 8

2015-04-30 06:05:51,254'INFO:build_dep:Returned:    NOP

2015-04-30 06:05:51,254'INFO:build_dep:Returned:    NOP

2015-04-30 06:05:51,254'INFO:build_dep:Returned:    NOP

2015-04-30 06:05:51,254'INFO:build_dep:Returned:    RSHFL R7, R7, 3

2015-04-30 06:05:51,254'INFO:build_dep:Returned:    NOP

2015-04-30 06:05:51,254'INFO:build_dep:Returned:    NOP

2015-04-30 06:05:51,254'INFO:build_dep:Returned:    NOP

2015-04-30 06:05:51,254'INFO:build_dep:Returned:    RSHFA R6, R6, 6

2015-04-30 06:05:51,254'INFO:build_dep:Returned:    NOP

2015-04-30 06:05:51,254'INFO:build_dep:Returned:    NOP

2015-04-30 06:05:51,254'INFO:build_dep:Returned:    NOP

2015-04-30 06:05:51,255'INFO:build_dep:Returned:    STR R6, R0, fivespd

2015-04-30 06:05:51,255'INFO:build_dep:Returned:    NOP

2015-04-30 06:05:51,255'INFO:build_dep:Returned:    NOP

2015-04-30 06:05:51,255'INFO:build_dep:Returned:    NOP

2015-04-30 06:05:51,255'INFO:build_dep:Returned:    STR R7, R0, fivespd

2015-04-30 06:05:51,255'INFO:build_dep:Returned:    NOP

2015-04-30 06:05:51,255'INFO:build_dep:Returned:    NOP

2015-04-30 06:05:51,255'INFO:build_dep:Returned:    NOP

2015-04-30 06:05:51,255'INFO:build_dep:Returned:    LDR R1, R0, ZERO

2015-04-30 06:05:51,255'INFO:build_dep:Returned:    LDR R2, R0, ZERO

2015-04-30 06:05:51,255'INFO:build_dep:Returned:    LDR R3, R0, D22D

2015-04-30 06:05:51,255'INFO:build_dep:Returned:    LDR R4, R0, LIFE

2015-04-30 06:05:51,255'INFO:build_dep:Returned:    LDR R5, R0, FOED

2015-04-30 06:05:51,255'INFO:build_dep:Returned:    LDR R6, R0, DEEB

2015-04-30 06:05:51,255'INFO:build_dep:Returned:    LDR R7, R0, LEAF

2015-04-30 06:05:51,255'INFO:analyzing block 0
2015-04-30 06:05:51,255'INFO:	No optimizations possible in block 0
2015-04-30 06:05:51,255'INFO:build_dep:alp=1
2015-04-30 06:05:51,255'INFO:building_blocks:getblock:got  1 as block_num
2015-04-30 06:05:51,255'INFO:binding_blocks:getblock: Returned data request for 1
2015-04-30 06:05:51,256'INFO:build_dep:Returned:    LDR R1, R0, BOMB

2015-04-30 06:05:51,256'INFO:build_dep:Returned:    NOP

2015-04-30 06:05:51,256'INFO:build_dep:Returned:    NOP

2015-04-30 06:05:51,256'INFO:build_dep:Returned:    NOP

2015-04-30 06:05:51,256'INFO:build_dep:Returned:    LEA R2, HOWHIGH

2015-04-30 06:05:51,256'INFO:build_dep:Returned:    NOP

2015-04-30 06:05:51,256'INFO:build_dep:Returned:    NOP

2015-04-30 06:05:51,256'INFO:build_dep:Returned:    NOP

2015-04-30 06:05:51,256'INFO:build_dep:Returned:    JMP R2

2015-04-30 06:05:51,256'INFO:build_dep:Returned:    NOP

2015-04-30 06:05:51,256'INFO:build_dep:Returned:    NOP

2015-04-30 06:05:51,256'INFO:build_dep:Returned:    NOP

2015-04-30 06:05:51,256'INFO:build_dep:Returned:    LDR R1, R0, GOOF

2015-04-30 06:05:51,256'INFO:build_dep:Returned:    NOP

2015-04-30 06:05:51,256'INFO:build_dep:Returned:    NOP

2015-04-30 06:05:51,257'INFO:build_dep:Returned:    NOP

2015-04-30 06:05:51,257'INFO:analyzing block 1
2015-04-30 06:05:51,257'INFO:build_dep:alp=2
2015-04-30 06:05:51,257'INFO:building_blocks:getblock:got  2 as block_num
2015-04-30 06:05:51,257'INFO:binding_blocks:getblock: Returned data request for 2
2015-04-30 06:05:51,260'INFO:build_dep:Returned:    STR R1, R0, dunk

2015-04-30 06:05:51,260'INFO:build_dep:Returned:    NOP

2015-04-30 06:05:51,261'INFO:build_dep:Returned:    NOP

2015-04-30 06:05:51,261'INFO:build_dep:Returned:    NOP

2015-04-30 06:05:51,261'INFO:build_dep:Returned:    LDR R2, R0, DEEB

2015-04-30 06:05:51,261'INFO:build_dep:Returned:    NOP

2015-04-30 06:05:51,261'INFO:build_dep:Returned:    NOP

2015-04-30 06:05:51,261'INFO:build_dep:Returned:    NOP

2015-04-30 06:05:51,261'INFO:build_dep:Returned:    STR R2, R0, SPOT1

2015-04-30 06:05:51,261'INFO:build_dep:Returned:    LDR R3, R0, FOED

2015-04-30 06:05:51,261'INFO:build_dep:Returned:    LDR R4, R0, LEAF

2015-04-30 06:05:51,261'INFO:build_dep:Returned:    NOP

2015-04-30 06:05:51,261'INFO:build_dep:Returned:    NOP

2015-04-30 06:05:51,261'INFO:build_dep:Returned:    NOP

2015-04-30 06:05:51,261'INFO:build_dep:Returned:    STR R3, R0, SPOT2

2015-04-30 06:05:51,261'INFO:build_dep:Returned:    STR R4, R0, SPOT3

2015-04-30 06:05:51,261'INFO:build_dep:Returned:    LDR R5, R0, GOOD

2015-04-30 06:05:51,261'INFO:build_dep:Returned:    NOP

2015-04-30 06:05:51,262'INFO:build_dep:Returned:    NOP

2015-04-30 06:05:51,262'INFO:build_dep:Returned:    NOP

2015-04-30 06:05:51,262'INFO:build_dep:Returned:    STR R5, R0, SPOT4

2015-04-30 06:05:51,262'INFO:build_dep:Returned:    NOP

2015-04-30 06:05:51,262'INFO:build_dep:Returned:    NOP

2015-04-30 06:05:51,262'INFO:build_dep:Returned:    NOP

2015-04-30 06:05:51,262'INFO:build_dep:Returned:    LDR R5, R0, SPOT1

2015-04-30 06:05:51,262'INFO:build_dep:Returned:    LDR R4, R0, SPOT2

2015-04-30 06:05:51,262'INFO:build_dep:Returned:    LDR R3, R0, SPOT3

2015-04-30 06:05:51,262'INFO:build_dep:Returned:    LDR R2, R0, SPOT4

2015-04-30 06:05:51,262'INFO:build_dep:Returned:    STR R5, R0, SPOT4

2015-04-30 06:05:51,262'INFO:build_dep:Returned:    STR R4, R0, SPOT4

2015-04-30 06:05:51,262'INFO:build_dep:Returned:    STR R3, R0, SPOT4

2015-04-30 06:05:51,262'INFO:build_dep:Returned:    STR R2, R0, SPOT4

2015-04-30 06:05:51,262'INFO:build_dep:Returned:    NOP

2015-04-30 06:05:51,262'INFO:build_dep:Returned:    NOP

2015-04-30 06:05:51,262'INFO:build_dep:Returned:    NOP

2015-04-30 06:05:51,262'INFO:build_dep:Returned:    ADD R2, R2, R3

2015-04-30 06:05:51,262'INFO:build_dep:Returned:    NOP

2015-04-30 06:05:51,262'INFO:build_dep:Returned:    NOP

2015-04-30 06:05:51,262'INFO:build_dep:Returned:    NOP

2015-04-30 06:05:51,263'INFO:build_dep:Returned:    ADD R3, R4, R5

2015-04-30 06:05:51,263'INFO:build_dep:Returned:    NOP

2015-04-30 06:05:51,263'INFO:build_dep:Returned:    NOP

2015-04-30 06:05:51,263'INFO:build_dep:Returned:    NOP

2015-04-30 06:05:51,263'INFO:build_dep:Returned:    ADD R2, R2, R3

2015-04-30 06:05:51,263'INFO:build_dep:Returned:    NOP

2015-04-30 06:05:51,263'INFO:build_dep:Returned:    NOP

2015-04-30 06:05:51,263'INFO:build_dep:Returned:    NOP

2015-04-30 06:05:51,263'INFO:build_dep:Returned:    ADD R3, R0,1

2015-04-30 06:05:51,263'INFO:build_dep:Returned:    NOP

2015-04-30 06:05:51,263'INFO:build_dep:Returned:    NOP

2015-04-30 06:05:51,263'INFO:build_dep:Returned:    NOP

2015-04-30 06:05:51,263'INFO:build_dep:Returned:    STB R6, R3, ZOOP

2015-04-30 06:05:51,263'INFO:build_dep:Returned:    LDR R4, R0, ZOOP

2015-04-30 06:05:51,263'INFO:build_dep:Returned:    STB R7, R0, BEAD

2015-04-30 06:05:51,263'INFO:build_dep:Returned:    LDR R3, R0, BEAD

2015-04-30 06:05:51,263'INFO:build_dep:Returned:    NOP

2015-04-30 06:05:51,263'INFO:build_dep:Returned:    NOP

2015-04-30 06:05:51,263'INFO:build_dep:Returned:    NOP

2015-04-30 06:05:51,263'INFO:build_dep:Returned:    STR R3, R0, chew

2015-04-30 06:05:51,264'INFO:build_dep:Returned:    STR R4, R0, chew

2015-04-30 06:05:51,264'INFO:build_dep:Returned:    ADD R3, R3, R4

2015-04-30 06:05:51,264'INFO:build_dep:Returned:    LDR R4, R0, ZERO

2015-04-30 06:05:51,264'INFO:build_dep:Returned:    JSR MUDDLE

2015-04-30 06:05:51,264'INFO:build_dep:Returned:    STR R4, R0, MUDPIE

2015-04-30 06:05:51,264'INFO:build_dep:Returned:    LEA R5, MUDDLER

2015-04-30 06:05:51,264'INFO:build_dep:Returned:    NOP

2015-04-30 06:05:51,264'INFO:build_dep:Returned:    NOP

2015-04-30 06:05:51,264'INFO:build_dep:Returned:    NOP

2015-04-30 06:05:51,264'INFO:build_dep:Returned:    JSRR R5

2015-04-30 06:05:51,264'INFO:build_dep:Returned:    STR R5, R0, MUDPIE

2015-04-30 06:05:51,264'INFO:build_dep:Returned:    ADD R6, R0, 1

2015-04-30 06:05:51,264'INFO:build_dep:Returned:    NOP

2015-04-30 06:05:51,264'INFO:build_dep:Returned:    NOP

2015-04-30 06:05:51,264'INFO:build_dep:Returned:    NOP

2015-04-30 06:05:51,264'INFO:build_dep:Returned:    LDB R6, R6, COOKIE

2015-04-30 06:05:51,264'INFO:build_dep:Returned:    NOP

2015-04-30 06:05:51,265'INFO:build_dep:Returned:    LDB R7, R0, COOKIE

2015-04-30 06:05:51,265'INFO:build_dep:Returned:    NOP

2015-04-30 06:05:51,265'INFO:build_dep:Returned:    STR R6, R0, crumb

2015-04-30 06:05:51,265'INFO:build_dep:Returned:    NOP

2015-04-30 06:05:51,265'INFO:build_dep:Returned:    STR R7, R0, crumb

2015-04-30 06:05:51,265'INFO:build_dep:Returned:    NOP

2015-04-30 06:05:51,265'INFO:build_dep:Returned:    NOP

2015-04-30 06:05:51,265'INFO:build_dep:Returned:    NOP

2015-04-30 06:05:51,265'INFO:build_dep:Returned:    ADD R6, R6, R7

2015-04-30 06:05:51,265'INFO:build_dep:Returned:    TRAP FUN

2015-04-30 06:05:51,265'INFO:build_dep:Returned:    STR R6, R0, FUN

2015-04-30 06:05:51,265'INFO:build_dep:Returned:    LDR R1,R0, ZERO

2015-04-30 06:05:51,265'INFO:build_dep:Returned:    LDR R2,R0, ZERO

2015-04-30 06:05:51,265'INFO:build_dep:Returned:    LDR R3,R0, ZERO

2015-04-30 06:05:51,265'INFO:build_dep:Returned:    LDR R4,R0, GOOD

2015-04-30 06:05:51,265'INFO:build_dep:Returned:    LDR R5,R0, GOOD

2015-04-30 06:05:51,265'INFO:build_dep:Returned:    LDR R6,R0, GOOD

2015-04-30 06:05:51,265'INFO:build_dep:Returned:    LDI R1, R0, TEST

2015-04-30 06:05:51,265'INFO:build_dep:Returned:    NOP

2015-04-30 06:05:51,265'INFO:build_dep:Returned:    NOP

2015-04-30 06:05:51,266'INFO:build_dep:Returned:    NOP

2015-04-30 06:05:51,266'INFO:build_dep:Returned:    STI R4, R0, DONE

2015-04-30 06:05:51,266'INFO:build_dep:Returned:    NOP

2015-04-30 06:05:51,266'INFO:build_dep:Returned:    NOP

2015-04-30 06:05:51,266'INFO:build_dep:Returned:    NOP

2015-04-30 06:05:51,266'INFO:build_dep:Returned:    LDR R2, R0, RESULT

2015-04-30 06:05:51,266'INFO:build_dep:Returned:    STR R1, R0, GOOF

2015-04-30 06:05:51,266'INFO:build_dep:Returned:    STR R2, R0, GOOF

2015-04-30 06:05:51,266'INFO:build_dep:Returned:    NOP

2015-04-30 06:05:51,266'INFO:build_dep:Returned:    AND R3, R3, 0

2015-04-30 06:05:51,266'INFO:build_dep:Returned:    BRp DOH

2015-04-30 06:05:51,266'INFO:build_dep:Returned:    BRn DOH

2015-04-30 06:05:51,266'INFO:build_dep:Returned:    BRnp DOH

2015-04-30 06:05:51,266'INFO:build_dep:Returned:    BRz WOOHOO

2015-04-30 06:05:51,266'INFO:build_dep:Returned:    BRnz DOH

2015-04-30 06:05:51,266'INFO:build_dep:Returned:    BRnzp DOH

2015-04-30 06:05:51,266'INFO:analyzing block 2
2015-04-30 06:05:51,266'INFO:build_dep:alp=3
2015-04-30 06:05:51,266'INFO:building_blocks:getblock:got  3 as block_num
2015-04-30 06:05:51,266'INFO:binding_blocks:getblock: Returned data request for 3
2015-04-30 06:05:51,267'INFO:build_dep:Returned:    ADD R3, R3, 6

2015-04-30 06:05:51,267'INFO:build_dep:Returned:    AND R4,R4,0

2015-04-30 06:05:51,267'INFO:build_dep:Returned:    BRz SOFAR

2015-04-30 06:05:51,267'INFO:build_dep:Returned:    ADD R3, R3, 1

2015-04-30 06:05:51,267'INFO:analyzing block 3
2015-04-30 06:05:51,267'INFO:build_dep:alp=4
2015-04-30 06:05:51,267'INFO:building_blocks:getblock:got  4 as block_num
2015-04-30 06:05:51,267'INFO:binding_blocks:getblock: Returned data request for 4
2015-04-30 06:05:51,267'INFO:build_dep:Returned:    ADD R3, R3, 6

2015-04-30 06:05:51,267'INFO:build_dep:Returned:    AND R4,R4,0

2015-04-30 06:05:51,267'INFO:build_dep:Returned:    BRnp DOH2

2015-04-30 06:05:51,267'INFO:build_dep:Returned:    NOP

2015-04-30 06:05:51,267'INFO:build_dep:Returned:    NOP

2015-04-30 06:05:51,267'INFO:build_dep:Returned:    NOP

2015-04-30 06:05:51,267'INFO:build_dep:Returned:    ADD R4, R4, 10

2015-04-30 06:05:51,268'INFO:build_dep:Returned:    NOP

2015-04-30 06:05:51,268'INFO:build_dep:Returned:    BRp SOGOOD

2015-04-30 06:05:51,268'INFO:analyzing block 4
2015-04-30 06:05:51,268'INFO:build_dep:alp=5
2015-04-30 06:05:51,268'INFO:building_blocks:getblock:got  5 as block_num
2015-04-30 06:05:51,268'INFO:binding_blocks:getblock: Returned data request for 5
2015-04-30 06:05:51,268'INFO:build_dep:Returned:    ADD R3, R3, 3

2015-04-30 06:05:51,268'INFO:build_dep:Returned:    NOP

2015-04-30 06:05:51,268'INFO:build_dep:Returned:    NOP

2015-04-30 06:05:51,268'INFO:build_dep:Returned:    NOP

2015-04-30 06:05:51,268'INFO:analyzing block 5
2015-04-30 06:05:51,268'INFO:build_dep:alp=6
2015-04-30 06:05:51,268'INFO:building_blocks:getblock:got  6 as block_num
2015-04-30 06:05:51,268'INFO:binding_blocks:getblock: Returned data request for 6
2015-04-30 06:05:51,268'INFO:build_dep:Returned:    ADD R3, R3, R4

2015-04-30 06:05:51,268'INFO:build_dep:Returned:    NOP

2015-04-30 06:05:51,268'INFO:build_dep:Returned:    NOP

2015-04-30 06:05:51,269'INFO:build_dep:Returned:    NOP

2015-04-30 06:05:51,269'INFO:build_dep:Returned:    STR R3, R0, GOOF

2015-04-30 06:05:51,269'INFO:build_dep:Returned:    STR R1, R0, SPOT1

2015-04-30 06:05:51,269'INFO:build_dep:Returned:    STR R2, R0, SPOT2

2015-04-30 06:05:51,269'INFO:build_dep:Returned:    STR R3, R0, SPOT3

2015-04-30 06:05:51,269'INFO:build_dep:Returned:    LEA R1, bouncer

2015-04-30 06:05:51,269'INFO:analyzing block 6
2015-04-30 06:05:51,269'INFO:build_dep:alp=7
2015-04-30 06:05:51,269'INFO:building_blocks:getblock:got  7 as block_num
2015-04-30 06:05:51,269'INFO:binding_blocks:getblock: Returned data request for 7
2015-04-30 06:05:51,269'INFO:build_dep:Returned:    NOP

2015-04-30 06:05:51,269'INFO:build_dep:Returned:    NOP

2015-04-30 06:05:51,269'INFO:build_dep:Returned:    NOP

2015-04-30 06:05:51,269'INFO:build_dep:Returned:    ADD R4, R4,14

2015-04-30 06:05:51,269'INFO:build_dep:Returned:    RET

2015-04-30 06:05:51,269'INFO:analyzing block 7
2015-04-30 06:05:51,269'INFO:build_dep:alp=8
2015-04-30 06:05:51,269'INFO:building_blocks:getblock:got  8 as block_num
2015-04-30 06:05:51,269'INFO:binding_blocks:getblock: Returned data request for 8
2015-04-30 06:05:51,270'INFO:build_dep:Returned:    LDR R1,R0, GOOD

2015-04-30 06:05:51,270'INFO:build_dep:Returned:    LDR R2,R0, GOOD

2015-04-30 06:05:51,270'INFO:build_dep:Returned:    LDR R3,R0, GOOD

2015-04-30 06:05:51,270'INFO:build_dep:Returned:    LDR R4,R0, GOOD

2015-04-30 06:05:51,270'INFO:build_dep:Returned:    LDR R5,R0, GOOD

2015-04-30 06:05:51,270'INFO:build_dep:Returned:    LDR R6,R0, GOOD

2015-04-30 06:05:51,270'INFO:build_dep:Returned:    RET

2015-04-30 06:05:51,270'INFO:analyzing block 8
2015-04-30 06:05:51,270'INFO:build_dep:alp=9
2015-04-30 06:05:51,270'INFO:building_blocks:getblock:got  9 as block_num
2015-04-30 06:05:51,270'INFO:binding_blocks:getblock: Returned data request for 9
2015-04-30 06:05:51,315'INFO:build_dep:Returned:    LEA R0, ThisDataSeg

2015-04-30 06:05:51,315'INFO:build_dep:Returned:    AND R1, R1, 0

2015-04-30 06:05:51,315'INFO:build_dep:Returned:    AND R2, R2, 0

2015-04-30 06:05:51,315'INFO:build_dep:Returned:    AND R3, R3, 0

2015-04-30 06:05:51,315'INFO:build_dep:Returned:    ADD R3, R3, 13

2015-04-30 06:05:51,315'INFO:build_dep:Returned:    ADD R2, R2, 4xB

2015-04-30 06:05:51,315'INFO:build_dep:Returned:    ADD R1, R2, R3

2015-04-30 06:05:51,315'INFO:build_dep:Returned:    ADD R4, R1, 3

2015-04-30 06:05:51,315'INFO:build_dep:Returned:    LSHF R2, R2, 3

2015-04-30 06:05:51,316'INFO:build_dep:Returned:    NOT R5, R3

2015-04-30 06:05:51,316'INFO:build_dep:Returned:    AND R3, R2, 15

2015-04-30 06:05:51,316'INFO:build_dep:Returned:    NOP

2015-04-30 06:05:51,316'INFO:build_dep:Returned:    NOP

2015-04-30 06:05:51,316'INFO:build_dep:Returned:    ADD R5, R3, R3

2015-04-30 06:05:51,316'INFO:build_dep:Returned:    ADD R1, R4, 5

2015-04-30 06:05:51,316'INFO:build_dep:Returned:    ADD R1, R4, 10

2015-04-30 06:05:51,316'INFO:build_dep:Returned:    ADD R1, R4, 14

2015-04-30 06:05:51,316'INFO:build_dep:Returned:    AND R2, R1, -1

2015-04-30 06:05:51,316'INFO:build_dep:Returned:    STR R2, R0, BlackHole

2015-04-30 06:05:51,316'INFO:build_dep:Returned:    STR R5, R0, BlackHole

2015-04-30 06:05:51,316'INFO:build_dep:Returned:    ADD R0, R0, 2

2015-04-30 06:05:51,316'INFO:build_dep:Returned:    STR R2, R0, BlackHole

2015-04-30 06:05:51,316'INFO:build_dep:Returned:    ADD R0, R0, -2

2015-04-30 06:05:51,316'INFO:build_dep:Returned:    LDR R3, R0, Photostat

2015-04-30 06:05:51,316'INFO:build_dep:Returned:    LDR R3, R0, LdThis

2015-04-30 06:05:51,316'INFO:build_dep:Returned:    STR R3, R0, Photostat

2015-04-30 06:05:51,316'INFO:build_dep:Returned:    LDR R3, R0, nosedive

2015-04-30 06:05:51,316'INFO:build_dep:Returned:    ADD R4, R3, 11

2015-04-30 06:05:51,316'INFO:build_dep:Returned:    LDR R3, R0, tailspin

2015-04-30 06:05:51,317'INFO:build_dep:Returned:    rshfl R4, R4, 1

2015-04-30 06:05:51,317'INFO:build_dep:Returned:    ADD R5, R3, 7

2015-04-30 06:05:51,317'INFO:build_dep:Returned:    LDI R1, R0, compass

2015-04-30 06:05:51,317'INFO:build_dep:Returned:    ADD R5, R5, 12

2015-04-30 06:05:51,317'INFO:build_dep:Returned:    ADD R1, R4, 12

2015-04-30 06:05:51,317'INFO:build_dep:Returned:    ADD R2, R3, 12

2015-04-30 06:05:51,317'INFO:build_dep:Returned:    STR R1, R0, beancounter

2015-04-30 06:05:51,317'INFO:build_dep:Returned:    STR R2, R0, beancounter

2015-04-30 06:05:51,317'INFO:build_dep:Returned:    STR R3, R0, beancounter

2015-04-30 06:05:51,317'INFO:build_dep:Returned:    STR R4, R0, beancounter

2015-04-30 06:05:51,317'INFO:build_dep:Returned:    STR R5, R0, beancounter

2015-04-30 06:05:51,317'INFO:build_dep:Returned:    ADD R5, R1, 0

2015-04-30 06:05:51,317'INFO:build_dep:Returned:    ADD R6, R3, 0

2015-04-30 06:05:51,317'INFO:build_dep:Returned:    ADD R7, R4, 0

2015-04-30 06:05:51,317'INFO:build_dep:Returned:    AND R1, R1, 0

2015-04-30 06:05:51,317'INFO:build_dep:Returned:    AND R3, R3, 0

2015-04-30 06:05:51,317'INFO:build_dep:Returned:    AND R4, R4, 0

2015-04-30 06:05:51,317'INFO:build_dep:Returned:    ADD R1, R1, 8

2015-04-30 06:05:51,318'INFO:build_dep:Returned:    ADD R3, R3, 2

2015-04-30 06:05:51,318'INFO:build_dep:Returned:    ADD R4, R4, 2

2015-04-30 06:05:51,318'INFO:build_dep:Returned:    BRp T1

2015-04-30 06:05:51,318'INFO:build_dep:Returned:    ADD R3, R3, 1

2015-04-30 06:05:51,318'INFO:analyzing block 9
2015-04-30 06:05:51,318'INFO:graphit:Entered , received params[[26, 75]]
2015-04-30 06:05:51,318'INFO:graphit:Corrected size
2015-04-30 06:05:51,318'INFO:graphit:    LDR R3, R0, nosedive

    ADD R4, R3, 11

2015-04-30 06:05:51,318'INFO:graphit:     LDR R3, R0, tailspin

2015-04-30 06:05:51,318'INFO:graphit:     rshfl R4, R4, 1

2015-04-30 06:05:51,318'INFO:graphit:     ADD R5, R3, 7

2015-04-30 06:05:51,318'INFO:graphit:     LDI R1, R0, compass

2015-04-30 06:05:51,318'DEBUG:graphit:FOUND CANDIDATE     LDI R1, R0, compass

2015-04-30 06:05:51,318'INFO:rawoverwrite: Entered
